<?xml version="1.0" encoding="UTF-8"?>
<con:soapui-project id="71662cfc-2fcd-4099-95a6-f05ca0648b48" activeEnvironment="Default" name="Test-time-controller" resourceRoot="" soapui-version="5.5.0" abortOnError="false" runType="SEQUENTIAL" xmlns:con="http://eviware.com/soapui/config"><con:settings/><con:interface xsi:type="con:RestService" id="05c1b5df-deeb-4d88-a317-dd25e563f73f" wadlVersion="http://wadl.dev.java.net/2009/02" name="http://34.210.101.131:8081" type="rest" xmlns:xsi="http://www.w3.org/2001/XMLSchema-instance"><con:settings/><con:definitionCache type="TEXT" rootPart=""/><con:endpoints><con:endpoint>http://34.210.101.131:8081</con:endpoint></con:endpoints><con:resource name="Testtimes" path="/testtimes" id="ee1b9293-4c19-47c5-95ee-c25ad4bdfdb5"><con:settings/><con:parameters/><con:method name="GET" id="63faa5d2-2e9b-42ab-80cf-2cb487b75f3d" method="GET"><con:settings/><con:parameters/><con:representation type="RESPONSE"><con:mediaType>application/json;charset=UTF-8</con:mediaType><con:status>200</con:status><con:params/><con:element>Response</con:element></con:representation><con:request name="Get all test time" id="e32624df-34a6-4214-bd46-7d5e6b0ee092" mediaType="application/json" postQueryString="false"><con:settings><con:setting id="com.eviware.soapui.impl.wsdl.WsdlRequest@request-headers">&lt;xml-fragment/></con:setting></con:settings><con:endpoint>http://34.210.101.131:8081</con:endpoint><con:request/><con:originalUri>http://34.210.101.131/testtimes</con:originalUri><con:credentials><con:authType>No Authorization</con:authType></con:credentials><con:jmsConfig JMSDeliveryMode="PERSISTENT"/><con:jmsPropertyConfig/><con:parameters/><con:parameterOrder/></con:request></con:method><con:method name="POST{testTimeId}" id="aa0de5e6-bbb9-43ed-b262-c95323f866d8" method="POST"><con:settings/><con:parameters><con:parameter><con:name>testTimeId</con:name><con:value>5c8889ba4cedfd0006378411</con:value><con:style>QUERY</con:style><con:default>5c8889ba4cedfd0006378411</con:default><con:path xsi:nil="true"/><con:description xsi:nil="true"/></con:parameter><con:parameter><con:name>testTime</con:name><con:value>20</con:value><con:style>QUERY</con:style><con:default>20</con:default><con:path xsi:nil="true"/><con:description xsi:nil="true"/></con:parameter></con:parameters><con:representation type="REQUEST"><con:mediaType>application/json</con:mediaType><con:params/></con:representation><con:representation type="FAULT"><con:mediaType>application/json;charset=UTF-8</con:mediaType><con:status>500 400</con:status><con:params/><con:element xmlns:tes="http://34.210.101.131/testtimes">tes:Fault</con:element></con:representation><con:representation type="REQUEST"><con:mediaType>application/xml</con:mediaType><con:params/></con:representation><con:representation type="RESPONSE"><con:mediaType>application/json;charset=UTF-8</con:mediaType><con:status>200</con:status><con:params/><con:element xmlns:tes="http://34.210.101.131/testtimes">tes:Response</con:element></con:representation><con:request name="Update a test time" id="f61ce531-025f-4b6d-a18d-fa6f12fca1aa" mediaType="application/json" postQueryString="false"><con:settings><con:setting id="com.eviware.soapui.impl.wsdl.WsdlRequest@request-headers">&lt;xml-fragment/></con:setting></con:settings><con:endpoint>http://34.210.101.131:8081</con:endpoint><con:request>{
	"testName":"Hackathon1",
	"testTime":"15",
	"testTimeId":"5c889c524cedfd000637841e"
	
}</con:request><con:originalUri>http://34.210.101.131/testtimes</con:originalUri><con:credentials><con:authType>No Authorization</con:authType></con:credentials><con:jmsConfig JMSDeliveryMode="PERSISTENT"/><con:jmsPropertyConfig/><con:parameters><entry key="testTimeId" value="5c8889ba4cedfd0006378411" xmlns="http://eviware.com/soapui/config"/></con:parameters><con:parameterOrder><con:entry>testTime</con:entry><con:entry>testTimeId</con:entry></con:parameterOrder></con:request></con:method><con:method name="DELETE{testTimeId}" id="0e7c72ab-10e6-44be-a0d9-299b0f5143c8" method="DELETE"><con:settings/><con:parameters/><con:representation type="REQUEST"><con:mediaType>application/json</con:mediaType><con:params/></con:representation><con:representation type="FAULT"><con:mediaType>application/json;charset=UTF-8</con:mediaType><con:status>405 400</con:status><con:params/><con:element xmlns:tes="http://34.210.101.131/testtimes">tes:Fault</con:element></con:representation><con:request name="Delete the Test time" id="6c00bdef-1df4-443e-9f05-82956c8bc456" mediaType="application/json" postQueryString="false"><con:settings><con:setting id="com.eviware.soapui.impl.wsdl.WsdlRequest@request-headers">&lt;xml-fragment/></con:setting></con:settings><con:endpoint>http://34.210.101.131:8081</con:endpoint><con:request>{
"testTimeId":"5c889d8e4cedfd000637841f"
}</con:request><con:originalUri>http://34.210.101.131/testtimes</con:originalUri><con:credentials><con:selectedAuthProfile>Basic</con:selectedAuthProfile><con:addedBasicAuthenticationTypes>Basic</con:addedBasicAuthenticationTypes><con:authType>Global HTTP Settings</con:authType></con:credentials><con:jmsConfig JMSDeliveryMode="PERSISTENT"/><con:jmsPropertyConfig/><con:parameters/><con:parameterOrder/></con:request></con:method><con:method name="POST" id="9ad5c9cb-3830-46b8-b2c5-1d414f933806" method="POST"><con:settings/><con:parameters/><con:representation type="REQUEST"><con:mediaType>application/json</con:mediaType><con:params/></con:representation><con:representation type="RESPONSE"><con:mediaType>application/json;charset=UTF-8</con:mediaType><con:status>200</con:status><con:params/><con:element xmlns:tes="http://34.210.101.131/testtimes">tes:Response</con:element></con:representation><con:representation type="FAULT"><con:mediaType>application/json;charset=UTF-8</con:mediaType><con:status>400</con:status><con:params/><con:element xmlns:tes="http://34.210.101.131/testtimes">tes:Fault</con:element></con:representation><con:request name="Add a test time" id="931e2bd9-6d53-43ce-92f0-f49a35e96d5b" mediaType="application/json" postQueryString="false"><con:settings><con:setting id="com.eviware.soapui.impl.wsdl.WsdlRequest@request-headers">&lt;xml-fragment/></con:setting></con:settings><con:endpoint>http://34.210.101.131:8081</con:endpoint><con:request>{
	"testName":"Asp.net",
	"testTime":"15"
}</con:request><con:originalUri>http://34.210.101.131/testtimes</con:originalUri><con:credentials><con:authType>No Authorization</con:authType></con:credentials><con:jmsConfig JMSDeliveryMode="PERSISTENT"/><con:jmsPropertyConfig/><con:parameters/><con:parameterOrder/></con:request></con:method></con:resource></con:interface><con:testSuite id="49a9c38c-ff72-4931-9454-89f2cbe815f2" name="Test-time-controller_TestSuite"><con:settings/><con:runType>SEQUENTIAL</con:runType><con:testCase id="4c06c229-746a-4892-9885-3c9cc9517750" failOnError="true" failTestCaseOnErrors="true" keepSession="false" maxResults="0" name="Time-Controller" searchProperties="true"><con:settings/><con:testStep type="restrequest" name="GET - Get all test time" id="eaea092c-274a-4b82-a9e9-e621faee76aa"><con:settings/><con:config service="http://34.210.101.131:8081" resourcePath="/testtimes" methodName="GET" xsi:type="con:RestRequestStep" xmlns:xsi="http://www.w3.org/2001/XMLSchema-instance"><con:restRequest name="GET - Get all test time" id="e32624df-34a6-4214-bd46-7d5e6b0ee092" mediaType="application/json" postQueryString="false"><con:settings><con:setting id="com.eviware.soapui.impl.wsdl.WsdlRequest@request-headers">&lt;xml-fragment/></con:setting></con:settings><con:endpoint>http://34.210.101.131:8081</con:endpoint><con:request/><con:originalUri>http://34.210.101.131/testtimes</con:originalUri><con:assertion type="Valid HTTP Status Codes" id="0c18429d-825f-4126-8ffd-337dcfe1efaa" name="Valid HTTP Status Codes"><con:configuration><codes>200</codes></con:configuration></con:assertion><con:assertion type="Simple Contains" id="da816743-ac5d-4a76-b9ae-e2ac7c28e0a4" name="TestName"><con:configuration><token>MCQ</token><ignoreCase>false</ignoreCase><useRegEx>false</useRegEx></con:configuration></con:assertion><con:assertion type="Simple Contains" id="f2c9b337-c3da-4eca-897d-e303bcd0affc" name="Status"><con:configuration><token>ACTIVE</token><ignoreCase>false</ignoreCase><useRegEx>false</useRegEx></con:configuration></con:assertion><con:assertion type="Simple Contains" id="0f5923c3-1bb3-4140-a25d-4e1ba7069508" name="testTime"><con:configuration><token>15</token><ignoreCase>false</ignoreCase><useRegEx>false</useRegEx></con:configuration></con:assertion><con:credentials><con:authType>No Authorization</con:authType></con:credentials><con:jmsConfig JMSDeliveryMode="PERSISTENT"/><con:jmsPropertyConfig/><con:parameters/><con:parameterOrder/></con:restRequest></con:config></con:testStep><con:testStep type="restrequest" name="POST{testTimeId} - Update a test time" id="8c05fee4-ae27-4dc3-9213-f1dab3c54049"><con:settings/><con:config service="http://34.210.101.131:8081" resourcePath="/testtimes" methodName="POST{testTimeId}" xsi:type="con:RestRequestStep" xmlns:xsi="http://www.w3.org/2001/XMLSchema-instance"><con:restRequest name="POST{testTimeId} - Update a test time" id="f61ce531-025f-4b6d-a18d-fa6f12fca1aa" mediaType="application/json" postQueryString="false"><con:settings><con:setting id="com.eviware.soapui.impl.wsdl.WsdlRequest@request-headers">&lt;xml-fragment/></con:setting></con:settings><con:endpoint>http://34.210.101.131:8081</con:endpoint><con:request>{
	"testTimeId":"5c8ca1304cedfd0006b09ff8",
	"testTime":"20",
	"testName":".Net"
}</con:request><con:originalUri>http://34.210.101.131/testtimes</con:originalUri><con:assertion type="Valid HTTP Status Codes" id="f3b99d0a-7b65-4471-8706-c73ae080c1fc" name="Valid HTTP Status Codes"><con:configuration><codes>200</codes></con:configuration></con:assertion><con:assertion type="Simple Contains" id="67d5c51b-fb2f-4ba3-9f75-4ed40d2b5508" name="Message"><con:configuration><token>Test time added successfully</token><ignoreCase>false</ignoreCase><useRegEx>false</useRegEx></con:configuration></con:assertion><con:assertion type="Simple Contains" id="02f3a900-9008-4913-af1b-8376c9ac74b8" name="Code"><con:configuration><token>1</token><ignoreCase>false</ignoreCase><useRegEx>false</useRegEx></con:configuration></con:assertion><con:credentials><con:authType>No Authorization</con:authType></con:credentials><con:jmsConfig JMSDeliveryMode="PERSISTENT"/><con:jmsPropertyConfig/><con:parameters><entry key="testTimeId" value="5c8889ba4cedfd0006378411" xmlns="http://eviware.com/soapui/config"/></con:parameters><con:parameterOrder><con:entry>testTime</con:entry><con:entry>testTimeId</con:entry></con:parameterOrder></con:restRequest></con:config></con:testStep><con:testStep type="restrequest" name="POST - Add a test time" id="17bba4c5-2359-4803-89e9-b79b98eee2cf"><con:settings/><con:config service="http://34.210.101.131:8081" resourcePath="/testtimes" methodName="POST" xsi:type="con:RestRequestStep" xmlns:xsi="http://www.w3.org/2001/XMLSchema-instance"><con:restRequest name="POST - Add a test time" id="931e2bd9-6d53-43ce-92f0-f49a35e96d5b" mediaType="application/json" postQueryString="false"><con:settings><con:setting id="com.eviware.soapui.impl.wsdl.WsdlRequest@request-headers">&lt;xml-fragment/></con:setting></con:settings><con:endpoint>http://34.210.101.131:8081</con:endpoint><con:request>{
	"testName":".net",
	"testTime":"20"
}</con:request><con:originalUri>http://34.210.101.131/testtimes</con:originalUri><con:assertion type="Valid HTTP Status Codes" id="8cd69ca7-defc-438a-823f-d90cb1cc539c" name="Valid HTTP Status Codes"><con:configuration><codes>200</codes></con:configuration></con:assertion><con:assertion type="Simple Contains" id="e576f638-61b0-4153-a145-181505cecc6a" name="Message"><con:configuration><token>Test time added successfully</token><ignoreCase>false</ignoreCase><useRegEx>false</useRegEx></con:configuration></con:assertion><con:assertion type="Simple Contains" id="55652e74-55c1-4dca-98bc-2a1c17e0f893" name="Code"><con:configuration><token>1</token><ignoreCase>false</ignoreCase><useRegEx>false</useRegEx></con:configuration></con:assertion><con:credentials><con:authType>No Authorization</con:authType></con:credentials><con:jmsConfig JMSDeliveryMode="PERSISTENT"/><con:jmsPropertyConfig/><con:parameters/><con:parameterOrder/></con:restRequest></con:config></con:testStep><con:properties/></con:testCase><con:properties/></con:testSuite><con:properties/><con:wssContainer/><con:oAuth2ProfileContainer/><con:oAuth1ProfileContainer/><con:sensitiveInformation/></con:soapui-project>